<?xml version="1.0" encoding="UTF-8"?>
<testng-results ignored="0" total="5" passed="5" failed="0" skipped="0">
  <reporter-output>
  </reporter-output>
  <suite started-at="2022-07-05T22:22:54 PDT" name="Suite" finished-at="2022-07-05T22:23:09 PDT" duration-ms="14678">
    <groups>
    </groups>
    <test started-at="2022-07-05T22:22:54 PDT" name="googlesearch_Test" finished-at="2022-07-05T22:23:03 PDT" duration-ms="9072">
      <class name="SeleniumAutomation.GoogleSearch">
        <test-method signature="googleTest()[pri:0, instance:SeleniumAutomation.GoogleSearch@2f217633]" started-at="2022-07-05T22:22:54 PDT" name="googleTest" finished-at="2022-07-05T22:23:03 PDT" duration-ms="9017" status="PASS">
          <reporter-output>
          </reporter-output>
        </test-method> <!-- googleTest -->
      </class> <!-- SeleniumAutomation.GoogleSearch -->
    </test> <!-- googlesearch_Test -->
    <test started-at="2022-07-05T22:22:54 PDT" name="chrome_Test" finished-at="2022-07-05T22:23:07 PDT" duration-ms="13357">
      <class name="CrossbrowserTesting.HRMLoginCrossBrowser">
        <test-method is-config="true" signature="setup(java.lang.String)[pri:0, instance:CrossbrowserTesting.HRMLoginCrossBrowser@212b5695]" started-at="2022-07-05T22:22:54 PDT" name="setup" finished-at="2022-07-05T22:22:59 PDT" duration-ms="5235" status="PASS">
          <params>
            <param index="0">
              <value>
                <![CDATA[chrome]]>
              </value>
            </param>
          </params>
          <reporter-output>
          </reporter-output>
        </test-method> <!-- setup -->
        <test-method signature="loginTest()[pri:0, instance:CrossbrowserTesting.HRMLoginCrossBrowser@212b5695]" started-at="2022-07-05T22:22:59 PDT" name="loginTest" finished-at="2022-07-05T22:23:03 PDT" duration-ms="3980" status="PASS">
          <reporter-output>
          </reporter-output>
        </test-method> <!-- loginTest -->
        <test-method signature="logoutTest()[pri:0, instance:CrossbrowserTesting.HRMLoginCrossBrowser@212b5695]" started-at="2022-07-05T22:23:03 PDT" name="logoutTest" finished-at="2022-07-05T22:23:07 PDT" duration-ms="3938" status="PASS">
          <reporter-output>
          </reporter-output>
        </test-method> <!-- logoutTest -->
        <test-method is-config="true" signature="teardown()[pri:0, instance:CrossbrowserTesting.HRMLoginCrossBrowser@212b5695]" started-at="2022-07-05T22:23:07 PDT" name="teardown" finished-at="2022-07-05T22:23:07 PDT" duration-ms="185" status="PASS">
          <reporter-output>
          </reporter-output>
        </test-method> <!-- teardown -->
      </class> <!-- CrossbrowserTesting.HRMLoginCrossBrowser -->
    </test> <!-- chrome_Test -->
    <test started-at="2022-07-05T22:22:54 PDT" name="Edge_Test" finished-at="2022-07-05T22:23:09 PDT" duration-ms="14678">
      <class name="CrossbrowserTesting.HRMLoginCrossBrowser">
        <test-method is-config="true" signature="setup(java.lang.String)[pri:0, instance:CrossbrowserTesting.HRMLoginCrossBrowser@22ef9844]" started-at="2022-07-05T22:22:54 PDT" name="setup" finished-at="2022-07-05T22:23:01 PDT" duration-ms="6653" status="PASS">
          <params>
            <param index="0">
              <value>
                <![CDATA[edge]]>
              </value>
            </param>
          </params>
          <reporter-output>
          </reporter-output>
        </test-method> <!-- setup -->
        <test-method signature="loginTest()[pri:0, instance:CrossbrowserTesting.HRMLoginCrossBrowser@22ef9844]" started-at="2022-07-05T22:23:01 PDT" name="loginTest" finished-at="2022-07-05T22:23:05 PDT" duration-ms="3982" status="PASS">
          <reporter-output>
          </reporter-output>
        </test-method> <!-- loginTest -->
        <test-method signature="logoutTest()[pri:0, instance:CrossbrowserTesting.HRMLoginCrossBrowser@22ef9844]" started-at="2022-07-05T22:23:05 PDT" name="logoutTest" finished-at="2022-07-05T22:23:09 PDT" duration-ms="3937" status="PASS">
          <reporter-output>
          </reporter-output>
        </test-method> <!-- logoutTest -->
        <test-method is-config="true" signature="teardown()[pri:0, instance:CrossbrowserTesting.HRMLoginCrossBrowser@22ef9844]" started-at="2022-07-05T22:23:09 PDT" name="teardown" finished-at="2022-07-05T22:23:09 PDT" duration-ms="94" status="PASS">
          <reporter-output>
          </reporter-output>
        </test-method> <!-- teardown -->
      </class> <!-- CrossbrowserTesting.HRMLoginCrossBrowser -->
    </test> <!-- Edge_Test -->
  </suite> <!-- Suite -->
</testng-results>
